[I 2025-04-30 19:47:23.748 ServerApp] jupyter_lsp | extension was successfully linked.
[I 2025-04-30 19:47:23.752 ServerApp] jupyter_server_fileid | extension was successfully linked.
[I 2025-04-30 19:47:23.755 ServerApp] jupyter_server_terminals | extension was successfully linked.
[I 2025-04-30 19:47:23.758 ServerApp] jupyter_server_ydoc | extension was successfully linked.
[I 2025-04-30 19:47:23.762 ServerApp] jupyterlab | extension was successfully linked.
[W 2025-04-30 19:47:23.764 JupyterNotebookApp] 'ip' has moved from NotebookApp to ServerApp. This config will be passed to ServerApp. Be sure to update your config before our next release.
[W 2025-04-30 19:47:23.764 JupyterNotebookApp] 'notebook_dir' has moved from NotebookApp to ServerApp. This config will be passed to ServerApp. Be sure to update your config before our next release.
[W 2025-04-30 19:47:23.764 JupyterNotebookApp] 'password' has moved from NotebookApp to ServerApp. This config will be passed to ServerApp. Be sure to update your config before our next release.
[W 2025-04-30 19:47:23.765 JupyterNotebookApp] 'token' has moved from NotebookApp to ServerApp. This config will be passed to ServerApp. Be sure to update your config before our next release.
[W 2025-04-30 19:47:23.767 ServerApp] notebook_dir is deprecated, use root_dir
[W 2025-04-30 19:47:23.767 ServerApp] ServerApp.token config is deprecated in 2.0. Use IdentityProvider.token.
[I 2025-04-30 19:47:23.768 ServerApp] notebook | extension was successfully linked.
[I 2025-04-30 19:47:23.932 ServerApp] notebook_shim | extension was successfully linked.
[W 2025-04-30 19:47:23.945 ServerApp] All authentication is disabled.  Anyone who can connect to this server will be able to run code.
[I 2025-04-30 19:47:23.945 ServerApp] notebook_shim | extension was successfully loaded.
[I 2025-04-30 19:47:23.948 ServerApp] jupyter_lsp | extension was successfully loaded.
[I 2025-04-30 19:47:23.948 FileIdExtension] Configured File ID manager: ArbitraryFileIdManager
[I 2025-04-30 19:47:23.949 FileIdExtension] ArbitraryFileIdManager : Configured root dir: /foss/designs
[I 2025-04-30 19:47:23.949 FileIdExtension] ArbitraryFileIdManager : Configured database path: /headless/.local/share/jupyter/file_id_manager.db
[I 2025-04-30 19:47:23.949 FileIdExtension] ArbitraryFileIdManager : Successfully connected to database file.
[I 2025-04-30 19:47:23.949 FileIdExtension] ArbitraryFileIdManager : Creating File ID tables and indices with journal_mode = DELETE
[I 2025-04-30 19:47:23.950 FileIdExtension] Attached event listeners.
[I 2025-04-30 19:47:23.950 ServerApp] jupyter_server_fileid | extension was successfully loaded.
[I 2025-04-30 19:47:23.951 ServerApp] jupyter_server_terminals | extension was successfully loaded.
[I 2025-04-30 19:47:23.956 ServerApp] jupyter_server_ydoc | extension was successfully loaded.
[I 2025-04-30 19:47:23.958 LabApp] JupyterLab extension loaded from /usr/local/lib/python3.10/dist-packages/jupyterlab
[I 2025-04-30 19:47:23.959 LabApp] JupyterLab application directory is /usr/local/share/jupyter/lab
[I 2025-04-30 19:47:23.959 LabApp] Extension Manager is 'pypi'.
[I 2025-04-30 19:47:23.995 ServerApp] jupyterlab | extension was successfully loaded.
[I 2025-04-30 19:47:23.999 ServerApp] notebook | extension was successfully loaded.
[C 2025-04-30 19:47:23.999 ServerApp] Running as root is not recommended. Use --allow-root to bypass.
