
Circuit 1 cell sky130_fd_pr__nfet_01v8 and Circuit 2 cell sky130_fd_pr__nfet_01v8 are black boxes.
Equate elements:  no current cell.
Device classes sky130_fd_pr__nfet_01v8 and sky130_fd_pr__nfet_01v8 are equivalent.

Circuit 1 cell sky130_fd_pr__pfet_01v8 and Circuit 2 cell sky130_fd_pr__pfet_01v8 are black boxes.
Equate elements:  no current cell.
Device classes sky130_fd_pr__pfet_01v8 and sky130_fd_pr__pfet_01v8 are equivalent.

Class div5.spice (0):  Merged 7 parallel devices.
Subcircuit summary:
Circuit 1: div5.spice                      |Circuit 2: TSPC_FF_ratioed_divide5_3.spice 
-------------------------------------------|-------------------------------------------
sky130_fd_pr__nfet_01v8 (21->15)           |sky130_fd_pr__nfet_01v8 (15)               
sky130_fd_pr__pfet_01v8 (13->12)           |sky130_fd_pr__pfet_01v8 (12)               
Number of devices: 27                      |Number of devices: 27                      
Number of nets: 18                         |Number of nets: 18                         
---------------------------------------------------------------------------------------
Netlists match uniquely.
Cells have no pins;  pin matching not needed.
Device classes div5.spice and TSPC_FF_ratioed_divide5_3.spice are equivalent.

Final result: Circuits match uniquely.
.
