
Circuit 1 cell sky130_fd_pr__nfet_01v8 and Circuit 2 cell sky130_fd_pr__nfet_01v8 are black boxes.
Equate elements:  no current cell.
Device classes sky130_fd_pr__nfet_01v8 and sky130_fd_pr__nfet_01v8 are equivalent.

Circuit 1 cell sky130_fd_pr__pfet_01v8 and Circuit 2 cell sky130_fd_pr__pfet_01v8 are black boxes.
Equate elements:  no current cell.
Device classes sky130_fd_pr__pfet_01v8 and sky130_fd_pr__pfet_01v8 are equivalent.

Circuit 1 cell sky130_fd_pr__res_xhigh_po_5p73 and Circuit 2 cell sky130_fd_pr__res_xhigh_po_5p73 are black boxes.
Equate elements:  no current cell.
Device classes sky130_fd_pr__res_xhigh_po_5p73 and sky130_fd_pr__res_xhigh_po_5p73 are equivalent.

Circuit 1 cell sky130_fd_pr__res_xhigh_po_0p35 and Circuit 2 cell sky130_fd_pr__res_xhigh_po_0p35 are black boxes.
Equate elements:  no current cell.
Device classes sky130_fd_pr__res_xhigh_po_0p35 and sky130_fd_pr__res_xhigh_po_0p35 are equivalent.

Circuit 1 cell sky130_fd_pr__cap_mim_m3_1 and Circuit 2 cell sky130_fd_pr__cap_mim_m3_1 are black boxes.
Equate elements:  no current cell.
Device classes sky130_fd_pr__cap_mim_m3_1 and sky130_fd_pr__cap_mim_m3_1 are equivalent.
Flattening unmatched subcell opamp_cell_4 in circuit full_pll_magic_2.spice (0)(1 instance)
Flattening unmatched subcell loop_filter_2 in circuit full_pll_magic_2.spice (0)(1 instance)
Flattening unmatched subcell pfd_8 in circuit full_pll_magic_2.spice (0)(1 instance)
Flattening unmatched subcell VCO_FD_magic in circuit full_pll_magic_2.spice (0)(1 instance)
Flattening unmatched subcell div120_2 in circuit full_pll_magic_2.spice (0)(1 instance)
Flattening unmatched subcell div2_4 in circuit full_pll_magic_2.spice (0)(3 instances)
Flattening unmatched subcell div5_2 in circuit full_pll_magic_2.spice (0)(1 instance)
Flattening unmatched subcell div3_3 in circuit full_pll_magic_2.spice (0)(1 instance)
Flattening unmatched subcell vco2_3 in circuit full_pll_magic_2.spice (0)(1 instance)
Flattening unmatched subcell charge_pump_cell_6 in circuit full_pll_magic_2.spice (0)(1 instance)
Flattening unmatched subcell phase_frequency_detector_5 in circuit full_pll_xschem.spice (1)(1 instance)
Flattening unmatched subcell nor_pfd in circuit full_pll_xschem.spice (1)(8 instances)
Flattening unmatched subcell nand_pfd in circuit full_pll_xschem.spice (1)(1 instance)
Flattening unmatched subcell inv_pfd in circuit full_pll_xschem.spice (1)(5 instances)
Flattening unmatched subcell rail_to_rail_opamp6_3 in circuit full_pll_xschem.spice (1)(1 instance)
Flattening unmatched subcell current_starved_VCO12 in circuit full_pll_xschem.spice (1)(1 instance)
Flattening unmatched subcell divide_by_120_xschem in circuit full_pll_xschem.spice (1)(1 instance)

Class full_pll_magic_2.spice (0):  Merged 79 parallel devices.
Class full_pll_xschem.spice (1):  Merged 15 parallel devices.
Subcircuit summary:
Circuit 1: full_pll_magic_2.spice          |Circuit 2: full_pll_xschem.spice           
-------------------------------------------|-------------------------------------------
sky130_fd_pr__pfet_01v8 (121->86)          |sky130_fd_pr__pfet_01v8 (93->86)           
sky130_fd_pr__nfet_01v8 (139->95)          |sky130_fd_pr__nfet_01v8 (103->95)          
sky130_fd_pr__res_xhigh_po_5p73 (1)        |sky130_fd_pr__res_xhigh_po_5p73 (1)        
sky130_fd_pr__res_xhigh_po_0p35 (3)        |sky130_fd_pr__res_xhigh_po_0p35 (3)        
sky130_fd_pr__cap_mim_m3_1 (6)             |sky130_fd_pr__cap_mim_m3_1 (6)             
Number of devices: 191                     |Number of devices: 191                     
Number of nets: 100                        |Number of nets: 100                        
---------------------------------------------------------------------------------------
Netlists match uniquely with property errors.
charge_pump_cell_6_0/sky130_fd_pr__cap_mim_m3_1:23 vs. sky130_fd_pr__cap_mim_m3_1:C2:
 w circuit1: 2.7   circuit2: 3.8   (delta=33.8%, cutoff=1%)
 l circuit1: 3.8   circuit2: 2.6   (delta=37.5%, cutoff=1%)
charge_pump_cell_6_0/sky130_fd_pr__cap_mim_m3_1:4 vs. sky130_fd_pr__cap_mim_m3_1:C1:
 w circuit1: 5.2   circuit2: 7   (delta=29.5%, cutoff=1%)
VCO_FD_magic_0//vco2_3_0/sky130_fd_pr__nfet_01v8:13 vs. current_starved_VCO12:3/sky130_fd_pr__nfet_01v8:M23:
 w circuit1: 0.5   circuit2: 0.55   (delta=9.52%, cutoff=1%)
VCO_FD_magic_0//vco2_3_0/sky130_fd_pr__nfet_01v8:0 vs. current_starved_VCO12:3/sky130_fd_pr__nfet_01v8:M25:
 w circuit1: 0.5   circuit2: 0.55   (delta=9.52%, cutoff=1%)
VCO_FD_magic_0//vco2_3_0/sky130_fd_pr__nfet_01v8:11 vs. current_starved_VCO12:3/sky130_fd_pr__nfet_01v8:M1:
 w circuit1: 0.5   circuit2: 0.55   (delta=9.52%, cutoff=1%)
VCO_FD_magic_0//vco2_3_0/sky130_fd_pr__pfet_01v8:1 vs. current_starved_VCO12:3/sky130_fd_pr__pfet_01v8:M22:
 w circuit1: 1   circuit2: 1.1   (delta=9.52%, cutoff=1%)
VCO_FD_magic_0//vco2_3_0/sky130_fd_pr__pfet_01v8:7 vs. current_starved_VCO12:3/sky130_fd_pr__pfet_01v8:M24:
 w circuit1: 1   circuit2: 1.1   (delta=9.52%, cutoff=1%)
VCO_FD_magic_0//vco2_3_0/sky130_fd_pr__pfet_01v8:19 vs. current_starved_VCO12:3/sky130_fd_pr__pfet_01v8:M26:
 w circuit1: 1   circuit2: 1.1   (delta=9.52%, cutoff=1%)
Cells have no pins;  pin matching not needed.
Device classes full_pll_magic_2.spice and full_pll_xschem.spice are equivalent.

Final result: Circuits match uniquely.
Property errors were found.

The following cells had property errors:
 full_pll_magic_2.spice
